CRITICAL - 2023-12-07 14:27:14 --> Invalid file: "/alumnos/header.php"
in SYSTEMPATH\Exceptions\FrameworkException.php on line 39.
 1 SYSTEMPATH\View\View.php(216): CodeIgniter\Exceptions\FrameworkException::forInvalidFile('/alumnos/header.php')
 2 SYSTEMPATH\Common.php(1190): CodeIgniter\View\View->render('/alumnos/header', [], true)
 3 APPPATH\Controllers\Inicio.php(10): view('/alumnos/header')
 4 SYSTEMPATH\CodeIgniter.php(942): App\Controllers\Inicio->index()
 5 SYSTEMPATH\CodeIgniter.php(502): CodeIgniter\CodeIgniter->runController(Object(App\Controllers\Inicio))
 6 SYSTEMPATH\CodeIgniter.php(361): CodeIgniter\CodeIgniter->handleRequest(null, Object(Config\Cache), false)
 7 FCPATH\index.php(79): CodeIgniter\CodeIgniter->run()
CRITICAL - 2023-12-07 14:27:34 --> Invalid file: "/alumnos/header.php"
in SYSTEMPATH\Exceptions\FrameworkException.php on line 39.
 1 SYSTEMPATH\View\View.php(216): CodeIgniter\Exceptions\FrameworkException::forInvalidFile('/alumnos/header.php')
 2 SYSTEMPATH\Common.php(1190): CodeIgniter\View\View->render('/alumnos/header', [], true)
 3 APPPATH\Controllers\Inicio.php(10): view('/alumnos/header')
 4 SYSTEMPATH\CodeIgniter.php(942): App\Controllers\Inicio->index()
 5 SYSTEMPATH\CodeIgniter.php(502): CodeIgniter\CodeIgniter->runController(Object(App\Controllers\Inicio))
 6 SYSTEMPATH\CodeIgniter.php(361): CodeIgniter\CodeIgniter->handleRequest(null, Object(Config\Cache), false)
 7 FCPATH\index.php(79): CodeIgniter\CodeIgniter->run()
CRITICAL - 2023-12-07 14:28:12 --> Invalid file: "/alumnos/header.php"
in SYSTEMPATH\Exceptions\FrameworkException.php on line 39.
 1 SYSTEMPATH\View\View.php(216): CodeIgniter\Exceptions\FrameworkException::forInvalidFile('/alumnos/header.php')
 2 SYSTEMPATH\Common.php(1190): CodeIgniter\View\View->render('/alumnos/header', [], true)
 3 APPPATH\Controllers\Inicio.php(10): view('/alumnos/header')
 4 SYSTEMPATH\CodeIgniter.php(942): App\Controllers\Inicio->index()
 5 SYSTEMPATH\CodeIgniter.php(502): CodeIgniter\CodeIgniter->runController(Object(App\Controllers\Inicio))
 6 SYSTEMPATH\CodeIgniter.php(361): CodeIgniter\CodeIgniter->handleRequest(null, Object(Config\Cache), false)
 7 FCPATH\index.php(79): CodeIgniter\CodeIgniter->run()
CRITICAL - 2023-12-07 19:36:33 --> Class "App\Controllers\AlumnosModel" not found
in APPPATH\Controllers\Inicio.php on line 10.
 1 SYSTEMPATH\CodeIgniter.php(942): App\Controllers\Inicio->index()
 2 SYSTEMPATH\CodeIgniter.php(502): CodeIgniter\CodeIgniter->runController(Object(App\Controllers\Inicio))
 3 SYSTEMPATH\CodeIgniter.php(361): CodeIgniter\CodeIgniter->handleRequest(null, Object(Config\Cache), false)
 4 FCPATH\index.php(79): CodeIgniter\CodeIgniter->run()
CRITICAL - 2023-12-07 19:38:12 --> Class "App\Controllers\AlumnosModel" not found
in APPPATH\Controllers\Inicio.php on line 10.
 1 SYSTEMPATH\CodeIgniter.php(942): App\Controllers\Inicio->index()
 2 SYSTEMPATH\CodeIgniter.php(502): CodeIgniter\CodeIgniter->runController(Object(App\Controllers\Inicio))
 3 SYSTEMPATH\CodeIgniter.php(361): CodeIgniter\CodeIgniter->handleRequest(null, Object(Config\Cache), false)
 4 FCPATH\index.php(79): CodeIgniter\CodeIgniter->run()
CRITICAL - 2023-12-07 19:40:48 --> Class "App\Controllers\AlumnosModel" not found
in APPPATH\Controllers\Inicio.php on line 10.
 1 SYSTEMPATH\CodeIgniter.php(942): App\Controllers\Inicio->index()
 2 SYSTEMPATH\CodeIgniter.php(502): CodeIgniter\CodeIgniter->runController(Object(App\Controllers\Inicio))
 3 SYSTEMPATH\CodeIgniter.php(361): CodeIgniter\CodeIgniter->handleRequest(null, Object(Config\Cache), false)
 4 FCPATH\index.php(79): CodeIgniter\CodeIgniter->run()
CRITICAL - 2023-12-07 19:45:30 --> Class "App\Controllers\AlumnosModel" not found
in APPPATH\Controllers\Inicio.php on line 10.
 1 SYSTEMPATH\CodeIgniter.php(942): App\Controllers\Inicio->index()
 2 SYSTEMPATH\CodeIgniter.php(502): CodeIgniter\CodeIgniter->runController(Object(App\Controllers\Inicio))
 3 SYSTEMPATH\CodeIgniter.php(361): CodeIgniter\CodeIgniter->handleRequest(null, Object(Config\Cache), false)
 4 FCPATH\index.php(79): CodeIgniter\CodeIgniter->run()
CRITICAL - 2023-12-07 19:58:28 --> Class "App\Controllers\AlumnosModel" not found
in APPPATH\Controllers\Inicio.php on line 10.
 1 SYSTEMPATH\CodeIgniter.php(942): App\Controllers\Inicio->index()
 2 SYSTEMPATH\CodeIgniter.php(502): CodeIgniter\CodeIgniter->runController(Object(App\Controllers\Inicio))
 3 SYSTEMPATH\CodeIgniter.php(361): CodeIgniter\CodeIgniter->handleRequest(null, Object(Config\Cache), false)
 4 FCPATH\index.php(79): CodeIgniter\CodeIgniter->run()
CRITICAL - 2023-12-07 19:58:55 --> Class "App\Controllers\AlumnosModel" not found
in APPPATH\Controllers\Inicio.php on line 10.
 1 SYSTEMPATH\CodeIgniter.php(942): App\Controllers\Inicio->index()
 2 SYSTEMPATH\CodeIgniter.php(502): CodeIgniter\CodeIgniter->runController(Object(App\Controllers\Inicio))
 3 SYSTEMPATH\CodeIgniter.php(361): CodeIgniter\CodeIgniter->handleRequest(null, Object(Config\Cache), false)
 4 FCPATH\index.php(79): CodeIgniter\CodeIgniter->run()
CRITICAL - 2023-12-07 20:00:24 --> Class "App\Controllers\AlumnosModel" not found
in APPPATH\Controllers\Inicio.php on line 10.
 1 SYSTEMPATH\CodeIgniter.php(942): App\Controllers\Inicio->index()
 2 SYSTEMPATH\CodeIgniter.php(502): CodeIgniter\CodeIgniter->runController(Object(App\Controllers\Inicio))
 3 SYSTEMPATH\CodeIgniter.php(361): CodeIgniter\CodeIgniter->handleRequest(null, Object(Config\Cache), false)
 4 FCPATH\index.php(79): CodeIgniter\CodeIgniter->run()
CRITICAL - 2023-12-07 20:08:50 --> Class "App\Controllers\AlumnosModel" not found
in APPPATH\Controllers\Inicio.php on line 10.
 1 SYSTEMPATH\CodeIgniter.php(942): App\Controllers\Inicio->index()
 2 SYSTEMPATH\CodeIgniter.php(502): CodeIgniter\CodeIgniter->runController(Object(App\Controllers\Inicio))
 3 SYSTEMPATH\CodeIgniter.php(361): CodeIgniter\CodeIgniter->handleRequest(null, Object(Config\Cache), false)
 4 FCPATH\index.php(79): CodeIgniter\CodeIgniter->run()
